<?xml version="1.0" encoding="UTF-8"?>
<!-- Generated by org.testng.reporters.JUnitReportReporter -->
<testsuite hostname="DESKTOP-ID7L0CI" failures="0" tests="1" name="testCases.TC_01AccountRegistrationTest" time="13.926" errors="0" timestamp="2024-07-11T12:09:37 IST" skipped="0">
  <testcase classname="testCases.TC_01AccountRegistrationTest" name="verify_account_registration" time="13.926"/>
</testsuite> <!-- testCases.TC_01AccountRegistrationTest -->
