<?xml version="1.0" encoding="UTF-8"?>
<!-- Generated by org.testng.reporters.JUnitReportReporter -->
<testsuite hostname="DESKTOP-ID7L0CI" failures="0" tests="1" name="testCases.TC_02LoginTest" time="9.729" errors="0" timestamp="2024-07-11T12:09:37 IST" skipped="0">
  <testcase classname="testCases.TC_02LoginTest" name="verify_login_page" time="9.729"/>
</testsuite> <!-- testCases.TC_02LoginTest -->
