<?xml version="1.0" encoding="UTF-8"?>
<!-- Generated by org.testng.reporters.JUnitReportReporter -->
<testsuite hostname="DESKTOP-ID7L0CI" failures="0" tests="1" name="testCases.TC_01AccountRegistrationTest" time="18.991" errors="0" timestamp="2024-07-25T11:07:50 IST" skipped="0">
  <testcase classname="testCases.TC_01AccountRegistrationTest" name="verify_account_registration" time="18.991"/>
</testsuite> <!-- testCases.TC_01AccountRegistrationTest -->
